{
		"hur" : "hur",
		"hfls" : "hfls",
		"hfss" : "hfss",
		"hursmax" : "hursmax",
		"hursmin" : "hursmin",
		"hurs" : "hurs",
		"huss" : "huss",
		"hus850" : "hus850",
		"hus" : "hus",
		"huss" : "huss",
		"hur_unmsk" : "hurunmsk",
		"prc" : "prc",
		"pr" : "pr",
		"prsn" : "prsn",
		"prw" : "prw",
		"psl" : "psl",
		"ps" : "ps",
		"rlds" : "rlds",
		"rls" : "rls",
		"rlus" : "rlus",
		"rlut" : "rlut",
		"rsdscsdiff" : "rsdscsdiff",
		"rsdsdiff" : "rsdsdiff",
		"rss" : "rss",
		"rsds" : "rsds",
		"rsus" : "rsus",
		"sfcWindmax" : "sfcWindmax",
		"sfcWind" : "sfcWind",
		"ta500" : "ta500",
		"ta850" : "ta850",
		"ta" : "ta",
		"tauu" : "tauu",
		"tauv" : "tauv",
		"tslsi" : "tslsi",
		"ts" : "ts",		
		"tasmax" : "tasmax",
		"tasmin" : "tasmin",
		"tas" : "tas",
		"ua" : "ua",
		"va" : "va",
		"ua_unmsk" : "uaunmsk",
		"va_unmsk" : "vaunmsk",
		"uas" : "uas",
		"vas" : "vas",
		"zg" : "zg",
		"zg_plev19" : "zgplev19",
		"zmla" : "zmla",		
		"maxpblz_max" : "maxpblzmax",
		"minpblz_min" : "minpblzmin",
		"od550aer" : "od550aer",
		"sfo3max" : "sfo3max",
		"sfo3" : "sfo3",
		"sfpm25" : "sfpm25",
		"toz" : "toz",
		"ua10" : "ua10",
		"zg1000" : "zg1000",
		"zg100" : "zg100",
		"zg10" : "zg10",
		"zg500" : "zg500",
		"albs" : "albs",
		"cldnvi" : "cldnvi",
		"clt" : "clt"
    }
